<?xml version="1.0" encoding="UTF-8"?>
<!-- Generated by org.testng.reporters.JUnitXMLReporter -->
<testsuite ignored="3" hostname="sasi-kumar" failures="1" tests="5" name="Test" time="553.323" errors="0" timestamp="2021-07-30T08:27:22 IST">
  <testcase classname="ShoppingApp.Myntra.loginUser" name="testData" time="68.057">
    <failure type="java.lang.AssertionError" message="Please enter a valid mobile number (10 digits) expected [true] but found [false]">
      <![CDATA[java.lang.AssertionError: Please enter a valid mobile number (10 digits) expected [true] but found [false]
at ShoppingApp.Myntra.loginUser.testData(loginUser.java:33)
at java.base/java.util.ArrayList.forEach(ArrayList.java:1511)
... Removed 30 stack frames]]>
    </failure>
  </testcase> <!-- testData -->
  <testcase classname="ShoppingApp.Myntra.mouseOver_Test" name="testData" time="99.449"/>
  <testcase classname="ShoppingApp.Myntra.selectNavigatioon" name="Navigation" time="68.904"/>
  <testcase classname="ShoppingApp.Myntra.WishList_Test" name="wishList_NoLogin" time="84.335"/>
  <testcase classname="ShoppingApp.Myntra.WishList_Test" name="wishList_NoLogin_Text" time="192.397"/>
  <testcase classname="resources.Base" name="@BeforeTest browserInitialize" time="0.0">
    <ignored/>
  </testcase> <!-- @BeforeTest browserInitialize -->
  <testcase classname="resources.Base" name="@BeforeTest browserInitialize" time="0.0">
    <ignored/>
  </testcase> <!-- @BeforeTest browserInitialize -->
  <testcase classname="resources.Base" name="@BeforeTest browserInitialize" time="0.0">
    <ignored/>
  </testcase> <!-- @BeforeTest browserInitialize -->
</testsuite> <!-- Test -->
